<?xml version="1.0" encoding="UTF-8"?>
<testng-results ignored="0" total="1" passed="1" failed="0" skipped="0">
  <reporter-output>
  </reporter-output>
  <suite started-at="2025-11-22T11:50:45 IST" name="Default suite" finished-at="2025-11-22T11:50:47 IST" duration-ms="2085">
    <groups>
    </groups>
    <test started-at="2025-11-22T11:50:45 IST" name="Default test" finished-at="2025-11-22T11:50:47 IST" duration-ms="2085">
      <class name="LoginAPItests.com.logintestraw">
        <test-method signature="apitest()[pri:0, instance:LoginAPItests.com.logintestraw@77888435]" started-at="2025-11-22T11:50:45 IST" name="apitest" finished-at="2025-11-22T11:50:47 IST" duration-ms="2050" status="PASS">
          <reporter-output>
          </reporter-output>
        </test-method> <!-- apitest -->
      </class> <!-- LoginAPItests.com.logintestraw -->
    </test> <!-- Default test -->
  </suite> <!-- Default suite -->
</testng-results>
